The system is: Darwin - 22.6.0 - iPhone10,2
Compiling the C compiler identification source file "CMakeCCompilerId.c" succeeded.
Compiler: /usr/bin/cc 
Build flags: 
Id flags:  

The output was:
0


Compilation of the C compiler identification source "CMakeCCompilerId.c" produced "a.out"

The C compiler identification is Clang, found in "/var/mobile/libuv/build/CMakeFiles/3.22.1/CompilerIdC/a.out"

Detecting C compiler ABI info compiled with the following output:
Change Dir: /var/mobile/libuv/build/CMakeFiles/CMakeTmp

Run Build Command(s):/usr/bin/make -f Makefile cmTC_913db/fast && /usr/bin/make  -f CMakeFiles/cmTC_913db.dir/build.make CMakeFiles/cmTC_913db.dir/build
make[1]: Entering directory '/private/var/mobile/libuv/build/CMakeFiles/CMakeTmp'
Building C object CMakeFiles/cmTC_913db.dir/CMakeCCompilerABI.c.o
/usr/bin/cc   -v -Wl,-v -MD -MT CMakeFiles/cmTC_913db.dir/CMakeCCompilerABI.c.o -MF CMakeFiles/cmTC_913db.dir/CMakeCCompilerABI.c.o.d -o CMakeFiles/cmTC_913db.dir/CMakeCCompilerABI.c.o -c /usr/share/cmake-3.22/Modules/CMakeCCompilerABI.c
Procursus clang version 14.0.0 (git@github.com:ProcursusTeam/Procursus.git 360ea6e6817ff5c50e3701740b4ff756623be0a6)
Target: arm64-apple-ios14.0
Thread model: posix
InstalledDir: /usr/bin
clang-14: warning: -Wl,-v: 'linker' input unused [-Wunused-command-line-argument]
 (in-process)
 "/usr/lib/llvm-14/bin/clang-14" -cc1 -triple arm64-apple-ios16.1.0 -Wundef-prefix=TARGET_OS_ -Werror=undef-prefix -Wdeprecated-objc-isa-usage -Werror=deprecated-objc-isa-usage -Werror=implicit-function-declaration -emit-obj -mrelax-all --mrelax-relocations -disable-free -clear-ast-before-backend -disable-llvm-verifier -discard-value-names -main-file-name CMakeCCompilerABI.c -mrelocation-model pic -pic-level 2 -mframe-pointer=non-leaf -fno-rounding-math -funwind-tables=2 -target-sdk-version=16.1 -fcompatibility-qualified-id-block-type-checking -fvisibility-inlines-hidden-static-local-var -target-cpu apple-a7 -target-feature +fp-armv8 -target-feature +neon -target-feature +crypto -target-feature +zcm -target-feature +zcz -target-feature +sha2 -target-feature +aes -target-abi darwinpcs -fallow-half-arguments-and-returns -debugger-tuning=lldb -target-linker-version 820.1 -v -fcoverage-compilation-dir=/private/var/mobile/libuv/build/CMakeFiles/CMakeTmp -resource-dir /usr/lib/llvm-14/lib/clang/14.0.0 -dependency-file CMakeFiles/cmTC_913db.dir/CMakeCCompilerABI.c.o.d -skip-unused-modulemap-deps -MT CMakeFiles/cmTC_913db.dir/CMakeCCompilerABI.c.o -sys-header-deps -isysroot /usr/share/SDKs/iPhoneOS.sdk -I/usr/include -I/usr/local/include -I/usr/include -internal-isystem /usr/share/SDKs/iPhoneOS.sdk/usr/local/include -internal-isystem /usr/lib/llvm-14/lib/clang/14.0.0/include -internal-externc-isystem /usr/share/SDKs/iPhoneOS.sdk/usr/include -fdebug-compilation-dir=/private/var/mobile/libuv/build/CMakeFiles/CMakeTmp -ferror-limit 19 -stack-protector 1 -fblocks -fencode-extended-block-signature -fregister-global-dtors-with-atexit -fgnuc-version=4.2.1 -fmax-type-align=16 -D__GCC_HAVE_DWARF2_CFI_ASM=1 -o CMakeFiles/cmTC_913db.dir/CMakeCCompilerABI.c.o -x c /usr/share/cmake-3.22/Modules/CMakeCCompilerABI.c
clang -cc1 version 14.0.0 based upon LLVM 14.0.0 default target arm64-apple-ios14.0
ignoring nonexistent directory "/usr/local/include"
ignoring nonexistent directory "/usr/share/SDKs/iPhoneOS.sdk/usr/local/include"
ignoring nonexistent directory "/usr/share/SDKs/iPhoneOS.sdk/Library/Frameworks"
ignoring duplicate directory "/usr/include"
#include "..." search starts here:
#include <...> search starts here:
 /usr/include
 /usr/lib/llvm-14/lib/clang/14.0.0/include
 /usr/share/SDKs/iPhoneOS.sdk/usr/include
 /usr/share/SDKs/iPhoneOS.sdk/System/Library/Frameworks (framework directory)
End of search list.
Linking C executable cmTC_913db
/usr/bin/cmake -E cmake_link_script CMakeFiles/cmTC_913db.dir/link.txt --verbose=1
/usr/bin/cc -Wl,-search_paths_first -Wl,-headerpad_max_install_names  -v -Wl,-v CMakeFiles/cmTC_913db.dir/CMakeCCompilerABI.c.o -o cmTC_913db 
Procursus clang version 14.0.0 (git@github.com:ProcursusTeam/Procursus.git 360ea6e6817ff5c50e3701740b4ff756623be0a6)
Target: arm64-apple-ios14.0
Thread model: posix
InstalledDir: /usr/bin
 "/usr/bin/ld" -demangle -lto_library /usr/lib/llvm-14/lib/libLTO.dylib -dynamic -arch arm64 -platform_version ios 16.1.0 16.1 -syslibroot /usr/share/SDKs/iPhoneOS.sdk -o cmTC_913db -L/usr/lib -L/usr/local/lib -L/usr/lib -search_paths_first -headerpad_max_install_names -v CMakeFiles/cmTC_913db.dir/CMakeCCompilerABI.c.o -lSystem /usr/lib/llvm-14/lib/clang/14.0.0/lib/darwin/libclang_rt.ios.a
@(#)PROGRAM:ld  PROJECT:ld64-609
BUILD 06:04:44 Nov 22 2022
configured to support archs: armv6 armv7 armv7s arm64 arm64e arm64_32 i386 x86_64 x86_64h armv6m armv7k armv7m armv7em (tvOS)
Library search paths:
	/usr/share/SDKs/iPhoneOS.sdk/usr/lib
	/usr/lib
	/usr/local/lib
	/usr/share/SDKs/iPhoneOS.sdk/usr/lib
	/usr/lib
	/usr/share/SDKs/iPhoneOS.sdk/usr/lib
Framework search paths:
	/usr/share/SDKs/iPhoneOS.sdk/System/Library/Frameworks/
make[1]: Leaving directory '/private/var/mobile/libuv/build/CMakeFiles/CMakeTmp'



Parsed C implicit include dir info from above output: rv=done
  found start of include info
  found start of implicit include info
    add: [/usr/include]
    add: [/usr/lib/llvm-14/lib/clang/14.0.0/include]
    add: [/usr/share/SDKs/iPhoneOS.sdk/usr/include]
  end of search list found
  collapse include dir [/usr/include] ==> [/usr/include]
  collapse include dir [/usr/lib/llvm-14/lib/clang/14.0.0/include] ==> [/usr/lib/llvm-14/lib/clang/14.0.0/include]
  collapse include dir [/usr/share/SDKs/iPhoneOS.sdk/usr/include] ==> [/usr/share/SDKs/iPhoneOS.sdk/usr/include]
  implicit include dirs: [/usr/include;/usr/lib/llvm-14/lib/clang/14.0.0/include;/usr/share/SDKs/iPhoneOS.sdk/usr/include]


Parsed C implicit link information from above output:
  link line regex: [^( *|.*[/\])(ld|CMAKE_LINK_STARTFILE-NOTFOUND|([^/\]+-)?ld|collect2)[^/\]*( |$)]
  ignore line: [Change Dir: /var/mobile/libuv/build/CMakeFiles/CMakeTmp]
  ignore line: []
  ignore line: [Run Build Command(s):/usr/bin/make -f Makefile cmTC_913db/fast && /usr/bin/make  -f CMakeFiles/cmTC_913db.dir/build.make CMakeFiles/cmTC_913db.dir/build]
  ignore line: [make[1]: Entering directory '/private/var/mobile/libuv/build/CMakeFiles/CMakeTmp']
  ignore line: [Building C object CMakeFiles/cmTC_913db.dir/CMakeCCompilerABI.c.o]
  ignore line: [/usr/bin/cc   -v -Wl -v -MD -MT CMakeFiles/cmTC_913db.dir/CMakeCCompilerABI.c.o -MF CMakeFiles/cmTC_913db.dir/CMakeCCompilerABI.c.o.d -o CMakeFiles/cmTC_913db.dir/CMakeCCompilerABI.c.o -c /usr/share/cmake-3.22/Modules/CMakeCCompilerABI.c]
  ignore line: [Procursus clang version 14.0.0 (git@github.com:ProcursusTeam/Procursus.git 360ea6e6817ff5c50e3701740b4ff756623be0a6)]
  ignore line: [Target: arm64-apple-ios14.0]
  ignore line: [Thread model: posix]
  ignore line: [InstalledDir: /usr/bin]
  ignore line: [clang-14: warning: -Wl -v: 'linker' input unused [-Wunused-command-line-argument]]
  ignore line: [ (in-process)]
  ignore line: [ "/usr/lib/llvm-14/bin/clang-14" -cc1 -triple arm64-apple-ios16.1.0 -Wundef-prefix=TARGET_OS_ -Werror=undef-prefix -Wdeprecated-objc-isa-usage -Werror=deprecated-objc-isa-usage -Werror=implicit-function-declaration -emit-obj -mrelax-all --mrelax-relocations -disable-free -clear-ast-before-backend -disable-llvm-verifier -discard-value-names -main-file-name CMakeCCompilerABI.c -mrelocation-model pic -pic-level 2 -mframe-pointer=non-leaf -fno-rounding-math -funwind-tables=2 -target-sdk-version=16.1 -fcompatibility-qualified-id-block-type-checking -fvisibility-inlines-hidden-static-local-var -target-cpu apple-a7 -target-feature +fp-armv8 -target-feature +neon -target-feature +crypto -target-feature +zcm -target-feature +zcz -target-feature +sha2 -target-feature +aes -target-abi darwinpcs -fallow-half-arguments-and-returns -debugger-tuning=lldb -target-linker-version 820.1 -v -fcoverage-compilation-dir=/private/var/mobile/libuv/build/CMakeFiles/CMakeTmp -resource-dir /usr/lib/llvm-14/lib/clang/14.0.0 -dependency-file CMakeFiles/cmTC_913db.dir/CMakeCCompilerABI.c.o.d -skip-unused-modulemap-deps -MT CMakeFiles/cmTC_913db.dir/CMakeCCompilerABI.c.o -sys-header-deps -isysroot /usr/share/SDKs/iPhoneOS.sdk -I/usr/include -I/usr/local/include -I/usr/include -internal-isystem /usr/share/SDKs/iPhoneOS.sdk/usr/local/include -internal-isystem /usr/lib/llvm-14/lib/clang/14.0.0/include -internal-externc-isystem /usr/share/SDKs/iPhoneOS.sdk/usr/include -fdebug-compilation-dir=/private/var/mobile/libuv/build/CMakeFiles/CMakeTmp -ferror-limit 19 -stack-protector 1 -fblocks -fencode-extended-block-signature -fregister-global-dtors-with-atexit -fgnuc-version=4.2.1 -fmax-type-align=16 -D__GCC_HAVE_DWARF2_CFI_ASM=1 -o CMakeFiles/cmTC_913db.dir/CMakeCCompilerABI.c.o -x c /usr/share/cmake-3.22/Modules/CMakeCCompilerABI.c]
  ignore line: [clang -cc1 version 14.0.0 based upon LLVM 14.0.0 default target arm64-apple-ios14.0]
  ignore line: [ignoring nonexistent directory "/usr/local/include"]
  ignore line: [ignoring nonexistent directory "/usr/share/SDKs/iPhoneOS.sdk/usr/local/include"]
  ignore line: [ignoring nonexistent directory "/usr/share/SDKs/iPhoneOS.sdk/Library/Frameworks"]
  ignore line: [ignoring duplicate directory "/usr/include"]
  ignore line: [#include "..." search starts here:]
  ignore line: [#include <...> search starts here:]
  ignore line: [ /usr/include]
  ignore line: [ /usr/lib/llvm-14/lib/clang/14.0.0/include]
  ignore line: [ /usr/share/SDKs/iPhoneOS.sdk/usr/include]
  ignore line: [ /usr/share/SDKs/iPhoneOS.sdk/System/Library/Frameworks (framework directory)]
  ignore line: [End of search list.]
  ignore line: [Linking C executable cmTC_913db]
  ignore line: [/usr/bin/cmake -E cmake_link_script CMakeFiles/cmTC_913db.dir/link.txt --verbose=1]
  ignore line: [/usr/bin/cc -Wl -search_paths_first -Wl -headerpad_max_install_names  -v -Wl -v CMakeFiles/cmTC_913db.dir/CMakeCCompilerABI.c.o -o cmTC_913db ]
  ignore line: [Procursus clang version 14.0.0 (git@github.com:ProcursusTeam/Procursus.git 360ea6e6817ff5c50e3701740b4ff756623be0a6)]
  ignore line: [Target: arm64-apple-ios14.0]
  ignore line: [Thread model: posix]
  ignore line: [InstalledDir: /usr/bin]
  link line: [ "/usr/bin/ld" -demangle -lto_library /usr/lib/llvm-14/lib/libLTO.dylib -dynamic -arch arm64 -platform_version ios 16.1.0 16.1 -syslibroot /usr/share/SDKs/iPhoneOS.sdk -o cmTC_913db -L/usr/lib -L/usr/local/lib -L/usr/lib -search_paths_first -headerpad_max_install_names -v CMakeFiles/cmTC_913db.dir/CMakeCCompilerABI.c.o -lSystem /usr/lib/llvm-14/lib/clang/14.0.0/lib/darwin/libclang_rt.ios.a]
    arg [/usr/bin/ld] ==> ignore
    arg [-demangle] ==> ignore
    arg [-lto_library] ==> ignore, skip following value
    arg [/usr/lib/llvm-14/lib/libLTO.dylib] ==> skip value of -lto_library
    arg [-dynamic] ==> ignore
    arg [-arch] ==> ignore
    arg [arm64] ==> ignore
    arg [-platform_version] ==> ignore
    arg [ios] ==> ignore
    arg [16.1.0] ==> ignore
    arg [16.1] ==> ignore
    arg [-syslibroot] ==> ignore
    arg [/usr/share/SDKs/iPhoneOS.sdk] ==> ignore
    arg [-o] ==> ignore
    arg [cmTC_913db] ==> ignore
    arg [-L/usr/lib] ==> dir [/usr/lib]
    arg [-L/usr/local/lib] ==> dir [/usr/local/lib]
    arg [-L/usr/lib] ==> dir [/usr/lib]
    arg [-search_paths_first] ==> ignore
    arg [-headerpad_max_install_names] ==> ignore
    arg [-v] ==> ignore
    arg [CMakeFiles/cmTC_913db.dir/CMakeCCompilerABI.c.o] ==> ignore
    arg [-lSystem] ==> lib [System]
    arg [/usr/lib/llvm-14/lib/clang/14.0.0/lib/darwin/libclang_rt.ios.a] ==> lib [/usr/lib/llvm-14/lib/clang/14.0.0/lib/darwin/libclang_rt.ios.a]
  Library search paths: [;/usr/share/SDKs/iPhoneOS.sdk/usr/lib;/usr/lib;/usr/local/lib;/usr/share/SDKs/iPhoneOS.sdk/usr/lib;/usr/lib;/usr/share/SDKs/iPhoneOS.sdk/usr/lib]
  Framework search paths: [;/usr/share/SDKs/iPhoneOS.sdk/System/Library/Frameworks/]
  remove lib [System]
  remove lib [/usr/lib/llvm-14/lib/clang/14.0.0/lib/darwin/libclang_rt.ios.a]
  collapse library dir [/usr/lib] ==> [/usr/lib]
  collapse library dir [/usr/local/lib] ==> [/usr/local/lib]
  collapse library dir [/usr/lib] ==> [/usr/lib]
  collapse library dir [/usr/share/SDKs/iPhoneOS.sdk/usr/lib] ==> [/usr/share/SDKs/iPhoneOS.sdk/usr/lib]
  collapse library dir [/usr/lib] ==> [/usr/lib]
  collapse library dir [/usr/local/lib] ==> [/usr/local/lib]
  collapse library dir [/usr/share/SDKs/iPhoneOS.sdk/usr/lib] ==> [/usr/share/SDKs/iPhoneOS.sdk/usr/lib]
  collapse library dir [/usr/lib] ==> [/usr/lib]
  collapse library dir [/usr/share/SDKs/iPhoneOS.sdk/usr/lib] ==> [/usr/share/SDKs/iPhoneOS.sdk/usr/lib]
  collapse framework dir [/usr/share/SDKs/iPhoneOS.sdk/System/Library/Frameworks/] ==> [/usr/share/SDKs/iPhoneOS.sdk/System/Library/Frameworks]
  implicit libs: []
  implicit objs: []
  implicit dirs: [/usr/lib;/usr/local/lib;/usr/share/SDKs/iPhoneOS.sdk/usr/lib]
  implicit fwks: [/usr/share/SDKs/iPhoneOS.sdk/System/Library/Frameworks]


Performing C SOURCE FILE Test UV_LINT_WALL succeeded with the following output:
Change Dir: /var/mobile/libuv/build/CMakeFiles/CMakeTmp

Run Build Command(s):/usr/bin/make -f Makefile cmTC_75c78/fast && /usr/bin/make  -f CMakeFiles/cmTC_75c78.dir/build.make CMakeFiles/cmTC_75c78.dir/build
make[1]: Entering directory '/private/var/mobile/libuv/build/CMakeFiles/CMakeTmp'
Building C object CMakeFiles/cmTC_75c78.dir/src.c.o
/usr/bin/cc -DUV_LINT_WALL  -Wall -std=gnu90 -MD -MT CMakeFiles/cmTC_75c78.dir/src.c.o -MF CMakeFiles/cmTC_75c78.dir/src.c.o.d -o CMakeFiles/cmTC_75c78.dir/src.c.o -c /var/mobile/libuv/build/CMakeFiles/CMakeTmp/src.c
Linking C executable cmTC_75c78
/usr/bin/cmake -E cmake_link_script CMakeFiles/cmTC_75c78.dir/link.txt --verbose=1
/usr/bin/cc -Wl,-search_paths_first -Wl,-headerpad_max_install_names CMakeFiles/cmTC_75c78.dir/src.c.o -o cmTC_75c78 
make[1]: Leaving directory '/private/var/mobile/libuv/build/CMakeFiles/CMakeTmp'


Source file was:
int main(void) { return 0; }
Performing C SOURCE FILE Test UV_LINT_NO_UNUSED_PARAMETER succeeded with the following output:
Change Dir: /var/mobile/libuv/build/CMakeFiles/CMakeTmp

Run Build Command(s):/usr/bin/make -f Makefile cmTC_6e975/fast && /usr/bin/make  -f CMakeFiles/cmTC_6e975.dir/build.make CMakeFiles/cmTC_6e975.dir/build
make[1]: Entering directory '/private/var/mobile/libuv/build/CMakeFiles/CMakeTmp'
Building C object CMakeFiles/cmTC_6e975.dir/src.c.o
/usr/bin/cc -DUV_LINT_NO_UNUSED_PARAMETER  -Wno-unused-parameter -std=gnu90 -MD -MT CMakeFiles/cmTC_6e975.dir/src.c.o -MF CMakeFiles/cmTC_6e975.dir/src.c.o.d -o CMakeFiles/cmTC_6e975.dir/src.c.o -c /var/mobile/libuv/build/CMakeFiles/CMakeTmp/src.c
Linking C executable cmTC_6e975
/usr/bin/cmake -E cmake_link_script CMakeFiles/cmTC_6e975.dir/link.txt --verbose=1
/usr/bin/cc -Wl,-search_paths_first -Wl,-headerpad_max_install_names CMakeFiles/cmTC_6e975.dir/src.c.o -o cmTC_6e975 
make[1]: Leaving directory '/private/var/mobile/libuv/build/CMakeFiles/CMakeTmp'


Source file was:
int main(void) { return 0; }
Performing C SOURCE FILE Test UV_LINT_STRICT_PROTOTYPES succeeded with the following output:
Change Dir: /var/mobile/libuv/build/CMakeFiles/CMakeTmp

Run Build Command(s):/usr/bin/make -f Makefile cmTC_6e3ba/fast && /usr/bin/make  -f CMakeFiles/cmTC_6e3ba.dir/build.make CMakeFiles/cmTC_6e3ba.dir/build
make[1]: Entering directory '/private/var/mobile/libuv/build/CMakeFiles/CMakeTmp'
Building C object CMakeFiles/cmTC_6e3ba.dir/src.c.o
/usr/bin/cc -DUV_LINT_STRICT_PROTOTYPES  -Wstrict-prototypes -std=gnu90 -MD -MT CMakeFiles/cmTC_6e3ba.dir/src.c.o -MF CMakeFiles/cmTC_6e3ba.dir/src.c.o.d -o CMakeFiles/cmTC_6e3ba.dir/src.c.o -c /var/mobile/libuv/build/CMakeFiles/CMakeTmp/src.c
Linking C executable cmTC_6e3ba
/usr/bin/cmake -E cmake_link_script CMakeFiles/cmTC_6e3ba.dir/link.txt --verbose=1
/usr/bin/cc -Wl,-search_paths_first -Wl,-headerpad_max_install_names CMakeFiles/cmTC_6e3ba.dir/src.c.o -o cmTC_6e3ba 
make[1]: Leaving directory '/private/var/mobile/libuv/build/CMakeFiles/CMakeTmp'


Source file was:
int main(void) { return 0; }
Performing C SOURCE FILE Test UV_LINT_EXTRA succeeded with the following output:
Change Dir: /var/mobile/libuv/build/CMakeFiles/CMakeTmp

Run Build Command(s):/usr/bin/make -f Makefile cmTC_4738b/fast && /usr/bin/make  -f CMakeFiles/cmTC_4738b.dir/build.make CMakeFiles/cmTC_4738b.dir/build
make[1]: Entering directory '/private/var/mobile/libuv/build/CMakeFiles/CMakeTmp'
Building C object CMakeFiles/cmTC_4738b.dir/src.c.o
/usr/bin/cc -DUV_LINT_EXTRA  -Wextra -std=gnu90 -MD -MT CMakeFiles/cmTC_4738b.dir/src.c.o -MF CMakeFiles/cmTC_4738b.dir/src.c.o.d -o CMakeFiles/cmTC_4738b.dir/src.c.o -c /var/mobile/libuv/build/CMakeFiles/CMakeTmp/src.c
Linking C executable cmTC_4738b
/usr/bin/cmake -E cmake_link_script CMakeFiles/cmTC_4738b.dir/link.txt --verbose=1
/usr/bin/cc -Wl,-search_paths_first -Wl,-headerpad_max_install_names CMakeFiles/cmTC_4738b.dir/src.c.o -o cmTC_4738b 
make[1]: Leaving directory '/private/var/mobile/libuv/build/CMakeFiles/CMakeTmp'


Source file was:
int main(void) { return 0; }
Performing C SOURCE FILE Test UV_F_STRICT_ALIASING succeeded with the following output:
Change Dir: /var/mobile/libuv/build/CMakeFiles/CMakeTmp

Run Build Command(s):/usr/bin/make -f Makefile cmTC_26a95/fast && /usr/bin/make  -f CMakeFiles/cmTC_26a95.dir/build.make CMakeFiles/cmTC_26a95.dir/build
make[1]: Entering directory '/private/var/mobile/libuv/build/CMakeFiles/CMakeTmp'
Building C object CMakeFiles/cmTC_26a95.dir/src.c.o
/usr/bin/cc -DUV_F_STRICT_ALIASING  -fno-strict-aliasing -std=gnu90 -MD -MT CMakeFiles/cmTC_26a95.dir/src.c.o -MF CMakeFiles/cmTC_26a95.dir/src.c.o.d -o CMakeFiles/cmTC_26a95.dir/src.c.o -c /var/mobile/libuv/build/CMakeFiles/CMakeTmp/src.c
Linking C executable cmTC_26a95
/usr/bin/cmake -E cmake_link_script CMakeFiles/cmTC_26a95.dir/link.txt --verbose=1
/usr/bin/cc -Wl,-search_paths_first -Wl,-headerpad_max_install_names CMakeFiles/cmTC_26a95.dir/src.c.o -o cmTC_26a95 
make[1]: Leaving directory '/private/var/mobile/libuv/build/CMakeFiles/CMakeTmp'


Source file was:
int main(void) { return 0; }
