Performing C SOURCE FILE Test UV_LINT_W4 failed with the following output:
Change Dir: /var/mobile/libuv/build/CMakeFiles/CMakeTmp

Run Build Command(s):/usr/bin/make -f Makefile cmTC_ebb04/fast && /usr/bin/make  -f CMakeFiles/cmTC_ebb04.dir/build.make CMakeFiles/cmTC_ebb04.dir/build
make[1]: Entering directory '/private/var/mobile/libuv/build/CMakeFiles/CMakeTmp'
Building C object CMakeFiles/cmTC_ebb04.dir/src.c.o
/usr/bin/cc -DUV_LINT_W4  /W4 -std=gnu90 -MD -MT CMakeFiles/cmTC_ebb04.dir/src.c.o -MF CMakeFiles/cmTC_ebb04.dir/src.c.o.d -o CMakeFiles/cmTC_ebb04.dir/src.c.o -c /var/mobile/libuv/build/CMakeFiles/CMakeTmp/src.c
clang-14: error: no such file or directory: '/W4'
make[1]: *** [CMakeFiles/cmTC_ebb04.dir/build.make:79: CMakeFiles/cmTC_ebb04.dir/src.c.o] Error 1
make[1]: Leaving directory '/private/var/mobile/libuv/build/CMakeFiles/CMakeTmp'
make: *** [Makefile:127: cmTC_ebb04/fast] Error 2


Source file was:
int main(void) { return 0; }
Performing C SOURCE FILE Test UV_LINT_NO_UNUSED_PARAMETER_MSVC failed with the following output:
Change Dir: /var/mobile/libuv/build/CMakeFiles/CMakeTmp

Run Build Command(s):/usr/bin/make -f Makefile cmTC_736af/fast && /usr/bin/make  -f CMakeFiles/cmTC_736af.dir/build.make CMakeFiles/cmTC_736af.dir/build
make[1]: Entering directory '/private/var/mobile/libuv/build/CMakeFiles/CMakeTmp'
Building C object CMakeFiles/cmTC_736af.dir/src.c.o
/usr/bin/cc -DUV_LINT_NO_UNUSED_PARAMETER_MSVC  /wd4100 -std=gnu90 -MD -MT CMakeFiles/cmTC_736af.dir/src.c.o -MF CMakeFiles/cmTC_736af.dir/src.c.o.d -o CMakeFiles/cmTC_736af.dir/src.c.o -c /var/mobile/libuv/build/CMakeFiles/CMakeTmp/src.c
clang-14: error: no such file or directory: '/wd4100'
make[1]: *** [CMakeFiles/cmTC_736af.dir/build.make:79: CMakeFiles/cmTC_736af.dir/src.c.o] Error 1
make[1]: Leaving directory '/private/var/mobile/libuv/build/CMakeFiles/CMakeTmp'
make: *** [Makefile:127: cmTC_736af/fast] Error 2


Source file was:
int main(void) { return 0; }
Performing C SOURCE FILE Test UV_LINT_NO_CONDITIONAL_CONSTANT_MSVC failed with the following output:
Change Dir: /var/mobile/libuv/build/CMakeFiles/CMakeTmp

Run Build Command(s):/usr/bin/make -f Makefile cmTC_6e18c/fast && /usr/bin/make  -f CMakeFiles/cmTC_6e18c.dir/build.make CMakeFiles/cmTC_6e18c.dir/build
make[1]: Entering directory '/private/var/mobile/libuv/build/CMakeFiles/CMakeTmp'
Building C object CMakeFiles/cmTC_6e18c.dir/src.c.o
/usr/bin/cc -DUV_LINT_NO_CONDITIONAL_CONSTANT_MSVC  /wd4127 -std=gnu90 -MD -MT CMakeFiles/cmTC_6e18c.dir/src.c.o -MF CMakeFiles/cmTC_6e18c.dir/src.c.o.d -o CMakeFiles/cmTC_6e18c.dir/src.c.o -c /var/mobile/libuv/build/CMakeFiles/CMakeTmp/src.c
clang-14: error: no such file or directory: '/wd4127'
make[1]: *** [CMakeFiles/cmTC_6e18c.dir/build.make:79: CMakeFiles/cmTC_6e18c.dir/src.c.o] Error 1
make[1]: Leaving directory '/private/var/mobile/libuv/build/CMakeFiles/CMakeTmp'
make: *** [Makefile:127: cmTC_6e18c/fast] Error 2


Source file was:
int main(void) { return 0; }
Performing C SOURCE FILE Test UV_LINT_NO_NONSTANDARD_MSVC failed with the following output:
Change Dir: /var/mobile/libuv/build/CMakeFiles/CMakeTmp

Run Build Command(s):/usr/bin/make -f Makefile cmTC_037f6/fast && /usr/bin/make  -f CMakeFiles/cmTC_037f6.dir/build.make CMakeFiles/cmTC_037f6.dir/build
make[1]: Entering directory '/private/var/mobile/libuv/build/CMakeFiles/CMakeTmp'
Building C object CMakeFiles/cmTC_037f6.dir/src.c.o
/usr/bin/cc -DUV_LINT_NO_NONSTANDARD_MSVC  /wd4201 -std=gnu90 -MD -MT CMakeFiles/cmTC_037f6.dir/src.c.o -MF CMakeFiles/cmTC_037f6.dir/src.c.o.d -o CMakeFiles/cmTC_037f6.dir/src.c.o -c /var/mobile/libuv/build/CMakeFiles/CMakeTmp/src.c
clang-14: error: no such file or directory: '/wd4201'
make[1]: *** [CMakeFiles/cmTC_037f6.dir/build.make:79: CMakeFiles/cmTC_037f6.dir/src.c.o] Error 1
make[1]: Leaving directory '/private/var/mobile/libuv/build/CMakeFiles/CMakeTmp'
make: *** [Makefile:127: cmTC_037f6/fast] Error 2


Source file was:
int main(void) { return 0; }
Performing C SOURCE FILE Test UV_LINT_NO_NONSTANDARD_EMPTY_TU_MSVC failed with the following output:
Change Dir: /var/mobile/libuv/build/CMakeFiles/CMakeTmp

Run Build Command(s):/usr/bin/make -f Makefile cmTC_411e2/fast && /usr/bin/make  -f CMakeFiles/cmTC_411e2.dir/build.make CMakeFiles/cmTC_411e2.dir/build
make[1]: Entering directory '/private/var/mobile/libuv/build/CMakeFiles/CMakeTmp'
Building C object CMakeFiles/cmTC_411e2.dir/src.c.o
/usr/bin/cc -DUV_LINT_NO_NONSTANDARD_EMPTY_TU_MSVC  /wd4206 -std=gnu90 -MD -MT CMakeFiles/cmTC_411e2.dir/src.c.o -MF CMakeFiles/cmTC_411e2.dir/src.c.o.d -o CMakeFiles/cmTC_411e2.dir/src.c.o -c /var/mobile/libuv/build/CMakeFiles/CMakeTmp/src.c
clang-14: error: no such file or directory: '/wd4206'
make[1]: *** [CMakeFiles/cmTC_411e2.dir/build.make:79: CMakeFiles/cmTC_411e2.dir/src.c.o] Error 1
make[1]: Leaving directory '/private/var/mobile/libuv/build/CMakeFiles/CMakeTmp'
make: *** [Makefile:127: cmTC_411e2/fast] Error 2


Source file was:
int main(void) { return 0; }
Performing C SOURCE FILE Test UV_LINT_NO_NONSTANDARD_FILE_SCOPE_MSVC failed with the following output:
Change Dir: /var/mobile/libuv/build/CMakeFiles/CMakeTmp

Run Build Command(s):/usr/bin/make -f Makefile cmTC_51798/fast && /usr/bin/make  -f CMakeFiles/cmTC_51798.dir/build.make CMakeFiles/cmTC_51798.dir/build
make[1]: Entering directory '/private/var/mobile/libuv/build/CMakeFiles/CMakeTmp'
Building C object CMakeFiles/cmTC_51798.dir/src.c.o
/usr/bin/cc -DUV_LINT_NO_NONSTANDARD_FILE_SCOPE_MSVC  /wd4210 -std=gnu90 -MD -MT CMakeFiles/cmTC_51798.dir/src.c.o -MF CMakeFiles/cmTC_51798.dir/src.c.o.d -o CMakeFiles/cmTC_51798.dir/src.c.o -c /var/mobile/libuv/build/CMakeFiles/CMakeTmp/src.c
clang-14: error: no such file or directory: '/wd4210'
make[1]: *** [CMakeFiles/cmTC_51798.dir/build.make:79: CMakeFiles/cmTC_51798.dir/src.c.o] Error 1
make[1]: Leaving directory '/private/var/mobile/libuv/build/CMakeFiles/CMakeTmp'
make: *** [Makefile:127: cmTC_51798/fast] Error 2


Source file was:
int main(void) { return 0; }
Performing C SOURCE FILE Test UV_LINT_NO_NONSTANDARD_NONSTATIC_DLIMPORT_MSVC failed with the following output:
Change Dir: /var/mobile/libuv/build/CMakeFiles/CMakeTmp

Run Build Command(s):/usr/bin/make -f Makefile cmTC_61d90/fast && /usr/bin/make  -f CMakeFiles/cmTC_61d90.dir/build.make CMakeFiles/cmTC_61d90.dir/build
make[1]: Entering directory '/private/var/mobile/libuv/build/CMakeFiles/CMakeTmp'
Building C object CMakeFiles/cmTC_61d90.dir/src.c.o
/usr/bin/cc -DUV_LINT_NO_NONSTANDARD_NONSTATIC_DLIMPORT_MSVC  /wd4232 -std=gnu90 -MD -MT CMakeFiles/cmTC_61d90.dir/src.c.o -MF CMakeFiles/cmTC_61d90.dir/src.c.o.d -o CMakeFiles/cmTC_61d90.dir/src.c.o -c /var/mobile/libuv/build/CMakeFiles/CMakeTmp/src.c
clang-14: error: no such file or directory: '/wd4232'
make[1]: *** [CMakeFiles/cmTC_61d90.dir/build.make:79: CMakeFiles/cmTC_61d90.dir/src.c.o] Error 1
make[1]: Leaving directory '/private/var/mobile/libuv/build/CMakeFiles/CMakeTmp'
make: *** [Makefile:127: cmTC_61d90/fast] Error 2


Source file was:
int main(void) { return 0; }
Performing C SOURCE FILE Test UV_LINT_NO_HIDES_LOCAL failed with the following output:
Change Dir: /var/mobile/libuv/build/CMakeFiles/CMakeTmp

Run Build Command(s):/usr/bin/make -f Makefile cmTC_2a9a1/fast && /usr/bin/make  -f CMakeFiles/cmTC_2a9a1.dir/build.make CMakeFiles/cmTC_2a9a1.dir/build
make[1]: Entering directory '/private/var/mobile/libuv/build/CMakeFiles/CMakeTmp'
Building C object CMakeFiles/cmTC_2a9a1.dir/src.c.o
/usr/bin/cc -DUV_LINT_NO_HIDES_LOCAL  /wd4456 -std=gnu90 -MD -MT CMakeFiles/cmTC_2a9a1.dir/src.c.o -MF CMakeFiles/cmTC_2a9a1.dir/src.c.o.d -o CMakeFiles/cmTC_2a9a1.dir/src.c.o -c /var/mobile/libuv/build/CMakeFiles/CMakeTmp/src.c
clang-14: error: no such file or directory: '/wd4456'
make[1]: *** [CMakeFiles/cmTC_2a9a1.dir/build.make:79: CMakeFiles/cmTC_2a9a1.dir/src.c.o] Error 1
make[1]: Leaving directory '/private/var/mobile/libuv/build/CMakeFiles/CMakeTmp'
make: *** [Makefile:127: cmTC_2a9a1/fast] Error 2


Source file was:
int main(void) { return 0; }
Performing C SOURCE FILE Test UV_LINT_NO_HIDES_PARAM failed with the following output:
Change Dir: /var/mobile/libuv/build/CMakeFiles/CMakeTmp

Run Build Command(s):/usr/bin/make -f Makefile cmTC_26d76/fast && /usr/bin/make  -f CMakeFiles/cmTC_26d76.dir/build.make CMakeFiles/cmTC_26d76.dir/build
make[1]: Entering directory '/private/var/mobile/libuv/build/CMakeFiles/CMakeTmp'
Building C object CMakeFiles/cmTC_26d76.dir/src.c.o
/usr/bin/cc -DUV_LINT_NO_HIDES_PARAM  /wd4457 -std=gnu90 -MD -MT CMakeFiles/cmTC_26d76.dir/src.c.o -MF CMakeFiles/cmTC_26d76.dir/src.c.o.d -o CMakeFiles/cmTC_26d76.dir/src.c.o -c /var/mobile/libuv/build/CMakeFiles/CMakeTmp/src.c
clang-14: error: no such file or directory: '/wd4457'
make[1]: *** [CMakeFiles/cmTC_26d76.dir/build.make:79: CMakeFiles/cmTC_26d76.dir/src.c.o] Error 1
make[1]: Leaving directory '/private/var/mobile/libuv/build/CMakeFiles/CMakeTmp'
make: *** [Makefile:127: cmTC_26d76/fast] Error 2


Source file was:
int main(void) { return 0; }
Performing C SOURCE FILE Test UV_LINT_NO_HIDES_GLOBAL failed with the following output:
Change Dir: /var/mobile/libuv/build/CMakeFiles/CMakeTmp

Run Build Command(s):/usr/bin/make -f Makefile cmTC_5ce62/fast && /usr/bin/make  -f CMakeFiles/cmTC_5ce62.dir/build.make CMakeFiles/cmTC_5ce62.dir/build
make[1]: Entering directory '/private/var/mobile/libuv/build/CMakeFiles/CMakeTmp'
Building C object CMakeFiles/cmTC_5ce62.dir/src.c.o
/usr/bin/cc -DUV_LINT_NO_HIDES_GLOBAL  /wd4459 -std=gnu90 -MD -MT CMakeFiles/cmTC_5ce62.dir/src.c.o -MF CMakeFiles/cmTC_5ce62.dir/src.c.o.d -o CMakeFiles/cmTC_5ce62.dir/src.c.o -c /var/mobile/libuv/build/CMakeFiles/CMakeTmp/src.c
clang-14: error: no such file or directory: '/wd4459'
make[1]: *** [CMakeFiles/cmTC_5ce62.dir/build.make:79: CMakeFiles/cmTC_5ce62.dir/src.c.o] Error 1
make[1]: Leaving directory '/private/var/mobile/libuv/build/CMakeFiles/CMakeTmp'
make: *** [Makefile:127: cmTC_5ce62/fast] Error 2


Source file was:
int main(void) { return 0; }
Performing C SOURCE FILE Test UV_LINT_NO_CONDITIONAL_ASSIGNMENT_MSVC failed with the following output:
Change Dir: /var/mobile/libuv/build/CMakeFiles/CMakeTmp

Run Build Command(s):/usr/bin/make -f Makefile cmTC_9d961/fast && /usr/bin/make  -f CMakeFiles/cmTC_9d961.dir/build.make CMakeFiles/cmTC_9d961.dir/build
make[1]: Entering directory '/private/var/mobile/libuv/build/CMakeFiles/CMakeTmp'
Building C object CMakeFiles/cmTC_9d961.dir/src.c.o
/usr/bin/cc -DUV_LINT_NO_CONDITIONAL_ASSIGNMENT_MSVC  /wd4706 -std=gnu90 -MD -MT CMakeFiles/cmTC_9d961.dir/src.c.o -MF CMakeFiles/cmTC_9d961.dir/src.c.o.d -o CMakeFiles/cmTC_9d961.dir/src.c.o -c /var/mobile/libuv/build/CMakeFiles/CMakeTmp/src.c
clang-14: error: no such file or directory: '/wd4706'
make[1]: *** [CMakeFiles/cmTC_9d961.dir/build.make:79: CMakeFiles/cmTC_9d961.dir/src.c.o] Error 1
make[1]: Leaving directory '/private/var/mobile/libuv/build/CMakeFiles/CMakeTmp'
make: *** [Makefile:127: cmTC_9d961/fast] Error 2


Source file was:
int main(void) { return 0; }
Performing C SOURCE FILE Test UV_LINT_NO_UNSAFE_MSVC failed with the following output:
Change Dir: /var/mobile/libuv/build/CMakeFiles/CMakeTmp

Run Build Command(s):/usr/bin/make -f Makefile cmTC_6b15f/fast && /usr/bin/make  -f CMakeFiles/cmTC_6b15f.dir/build.make CMakeFiles/cmTC_6b15f.dir/build
make[1]: Entering directory '/private/var/mobile/libuv/build/CMakeFiles/CMakeTmp'
Building C object CMakeFiles/cmTC_6b15f.dir/src.c.o
/usr/bin/cc -DUV_LINT_NO_UNSAFE_MSVC  /wd4996 -std=gnu90 -MD -MT CMakeFiles/cmTC_6b15f.dir/src.c.o -MF CMakeFiles/cmTC_6b15f.dir/src.c.o.d -o CMakeFiles/cmTC_6b15f.dir/src.c.o -c /var/mobile/libuv/build/CMakeFiles/CMakeTmp/src.c
clang-14: error: no such file or directory: '/wd4996'
make[1]: *** [CMakeFiles/cmTC_6b15f.dir/build.make:79: CMakeFiles/cmTC_6b15f.dir/src.c.o] Error 1
make[1]: Leaving directory '/private/var/mobile/libuv/build/CMakeFiles/CMakeTmp'
make: *** [Makefile:127: cmTC_6b15f/fast] Error 2


Source file was:
int main(void) { return 0; }
Performing C SOURCE FILE Test UV_LINT_UTF8_MSVC failed with the following output:
Change Dir: /var/mobile/libuv/build/CMakeFiles/CMakeTmp

Run Build Command(s):/usr/bin/make -f Makefile cmTC_04c6d/fast && /usr/bin/make  -f CMakeFiles/cmTC_04c6d.dir/build.make CMakeFiles/cmTC_04c6d.dir/build
make[1]: Entering directory '/private/var/mobile/libuv/build/CMakeFiles/CMakeTmp'
Building C object CMakeFiles/cmTC_04c6d.dir/src.c.o
/usr/bin/cc -DUV_LINT_UTF8_MSVC  /utf-8 -std=gnu90 -MD -MT CMakeFiles/cmTC_04c6d.dir/src.c.o -MF CMakeFiles/cmTC_04c6d.dir/src.c.o.d -o CMakeFiles/cmTC_04c6d.dir/src.c.o -c /var/mobile/libuv/build/CMakeFiles/CMakeTmp/src.c
clang-14: error: no such file or directory: '/utf-8'
make[1]: *** [CMakeFiles/cmTC_04c6d.dir/build.make:79: CMakeFiles/cmTC_04c6d.dir/src.c.o] Error 1
make[1]: Leaving directory '/private/var/mobile/libuv/build/CMakeFiles/CMakeTmp'
make: *** [Makefile:127: cmTC_04c6d/fast] Error 2


Source file was:
int main(void) { return 0; }
